<?xml version="1.0" encoding="UTF-8"?>
<!-- Generated by org.testng.reporters.JUnitReportReporter -->
<testsuite hostname="LAPTOP-A4ROGLP3" failures="0" tests="6" name="biakha.Simpleee" time="0.012" errors="0" timestamp="2023-08-24T12:52:09 IST" skipped="0">
  <testcase classname="biakha.Simpleee" name="d" time="0.001"/>
  <system-out/>
  <testcase classname="biakha.Simpleee" name="a" time="0.001"/>
  <system-out/>
  <testcase classname="biakha.Simpleee" name="b" time="0.006"/>
  <system-out/>
  <testcase classname="biakha.Simpleee" name="f" time="0.002"/>
  <system-out/>
  <testcase classname="biakha.Simpleee" name="c" time="0.001"/>
  <system-out/>
  <testcase classname="biakha.Simpleee" name="e" time="0.001"/>
  <system-out/>
</testsuite> <!-- biakha.Simpleee -->
